2023-12-08T16:16:55.992913Z 0 [Warning] [MY-010097] [Server] Insecure configuration for --secure-file-priv: Current value does not restrict location of generated files. Consider setting it to a valid, non-empty path.
2023-12-08T16:16:55.992986Z 0 [Warning] [MY-010918] [Server] 'default_authentication_plugin' is deprecated and will be removed in a future release. Please use authentication_policy instead.
2023-12-08T16:16:55.993540Z 0 [System] [MY-010116] [Server] D:\laragon\bin\mysql\mysql-8.0.30-winx64\bin\mysqld (mysqld 8.0.30) starting as process 8068
2023-12-08T16:16:56.060173Z 1 [System] [MY-013576] [InnoDB] InnoDB initialization has started.
2023-12-08T16:16:58.262004Z 1 [System] [MY-013577] [InnoDB] InnoDB initialization has ended.
2023-12-08T16:16:59.905148Z 0 [Warning] [MY-013829] [Server] Missing data directory for ICU regular expressions: D:\laragon\bin\mysql\mysql-8.0.30-winx64\lib\private\.
2023-12-08T16:16:59.966749Z 0 [Warning] [MY-010068] [Server] CA certificate ca.pem is self signed.
2023-12-08T16:16:59.967936Z 0 [System] [MY-013602] [Server] Channel mysql_main configured to support TLS. Encrypted connections are now supported for this channel.
2023-12-08T16:17:00.069371Z 0 [System] [MY-011323] [Server] X Plugin ready for connections. Bind-address: '::' port: 33060
2023-12-08T16:17:00.069615Z 0 [System] [MY-010931] [Server] D:\laragon\bin\mysql\mysql-8.0.30-winx64\bin\mysqld: ready for connections. Version: '8.0.30'  socket: ''  port: 3306  MySQL Community Server - GPL.
2023-12-08T16:17:23.900877Z 8 [System] [MY-013172] [Server] Received SHUTDOWN from user root. Shutting down mysqld (Version: 8.0.30).
2023-12-08T16:17:23.903149Z 0 [System] [MY-013105] [Server] D:\laragon\bin\mysql\mysql-8.0.30-winx64\bin\mysqld: Normal shutdown.
2023-12-08T16:17:24.578222Z 0 [System] [MY-010910] [Server] D:\laragon\bin\mysql\mysql-8.0.30-winx64\bin\mysqld: Shutdown complete (mysqld 8.0.30)  MySQL Community Server - GPL.
2023-12-08T16:17:36.889657Z 0 [Warning] [MY-010097] [Server] Insecure configuration for --secure-file-priv: Current value does not restrict location of generated files. Consider setting it to a valid, non-empty path.
2023-12-08T16:17:36.889720Z 0 [Warning] [MY-010918] [Server] 'default_authentication_plugin' is deprecated and will be removed in a future release. Please use authentication_policy instead.
2023-12-08T16:17:36.889756Z 0 [System] [MY-010116] [Server] D:\laragon\bin\mysql\mysql-8.0.30-winx64\bin\mysqld (mysqld 8.0.30) starting as process 2568
2023-12-08T16:17:36.919059Z 1 [System] [MY-013576] [InnoDB] InnoDB initialization has started.
2023-12-08T16:17:38.898344Z 1 [System] [MY-013577] [InnoDB] InnoDB initialization has ended.
2023-12-08T16:17:39.804598Z 0 [Warning] [MY-013829] [Server] Missing data directory for ICU regular expressions: D:\laragon\bin\mysql\mysql-8.0.30-winx64\lib\private\.
2023-12-08T16:17:39.830911Z 0 [Warning] [MY-010068] [Server] CA certificate ca.pem is self signed.
2023-12-08T16:17:39.831437Z 0 [System] [MY-013602] [Server] Channel mysql_main configured to support TLS. Encrypted connections are now supported for this channel.
2023-12-08T16:17:39.886660Z 0 [System] [MY-011323] [Server] X Plugin ready for connections. Bind-address: '::' port: 33060
2023-12-08T16:17:39.886731Z 0 [System] [MY-010931] [Server] D:\laragon\bin\mysql\mysql-8.0.30-winx64\bin\mysqld: ready for connections. Version: '8.0.30'  socket: ''  port: 3306  MySQL Community Server - GPL.
2023-12-08T17:22:33.834627Z 336 [System] [MY-013172] [Server] Received SHUTDOWN from user root. Shutting down mysqld (Version: 8.0.30).
2023-12-08T17:22:33.835658Z 0 [System] [MY-013105] [Server] D:\laragon\bin\mysql\mysql-8.0.30-winx64\bin\mysqld: Normal shutdown.
2023-12-08T17:22:34.853357Z 0 [System] [MY-010910] [Server] D:\laragon\bin\mysql\mysql-8.0.30-winx64\bin\mysqld: Shutdown complete (mysqld 8.0.30)  MySQL Community Server - GPL.
2023-12-08T17:22:38.565067Z 0 [Warning] [MY-010097] [Server] Insecure configuration for --secure-file-priv: Current value does not restrict location of generated files. Consider setting it to a valid, non-empty path.
2023-12-08T17:22:38.565128Z 0 [Warning] [MY-010918] [Server] 'default_authentication_plugin' is deprecated and will be removed in a future release. Please use authentication_policy instead.
2023-12-08T17:22:38.565160Z 0 [System] [MY-010116] [Server] D:\laragon\bin\mysql\mysql-8.0.30-winx64\bin\mysqld (mysqld 8.0.30) starting as process 6304
2023-12-08T17:22:38.607649Z 1 [System] [MY-013576] [InnoDB] InnoDB initialization has started.
2023-12-08T17:22:41.123825Z 1 [System] [MY-013577] [InnoDB] InnoDB initialization has ended.
2023-12-08T17:22:41.779110Z 0 [Warning] [MY-013829] [Server] Missing data directory for ICU regular expressions: D:\laragon\bin\mysql\mysql-8.0.30-winx64\lib\private\.
2023-12-08T17:22:41.807646Z 0 [Warning] [MY-010068] [Server] CA certificate ca.pem is self signed.
2023-12-08T17:22:41.808130Z 0 [System] [MY-013602] [Server] Channel mysql_main configured to support TLS. Encrypted connections are now supported for this channel.
2023-12-08T17:22:41.848743Z 0 [System] [MY-011323] [Server] X Plugin ready for connections. Bind-address: '::' port: 33060
2023-12-08T17:22:41.848813Z 0 [System] [MY-010931] [Server] D:\laragon\bin\mysql\mysql-8.0.30-winx64\bin\mysqld: ready for connections. Version: '8.0.30'  socket: ''  port: 3306  MySQL Community Server - GPL.
2023-12-08T18:20:59.799009Z 154 [System] [MY-013172] [Server] Received SHUTDOWN from user root. Shutting down mysqld (Version: 8.0.30).
2023-12-08T18:20:59.800198Z 0 [System] [MY-013105] [Server] D:\laragon\bin\mysql\mysql-8.0.30-winx64\bin\mysqld: Normal shutdown.
2023-12-08T18:21:00.468199Z 0 [System] [MY-010910] [Server] D:\laragon\bin\mysql\mysql-8.0.30-winx64\bin\mysqld: Shutdown complete (mysqld 8.0.30)  MySQL Community Server - GPL.
2023-12-12T17:02:56.250779Z 0 [Warning] [MY-010097] [Server] Insecure configuration for --secure-file-priv: Current value does not restrict location of generated files. Consider setting it to a valid, non-empty path.
2023-12-12T17:02:56.250843Z 0 [Warning] [MY-010918] [Server] 'default_authentication_plugin' is deprecated and will be removed in a future release. Please use authentication_policy instead.
2023-12-12T17:02:56.250876Z 0 [System] [MY-010116] [Server] D:\laragon\bin\mysql\mysql-8.0.30-winx64\bin\mysqld (mysqld 8.0.30) starting as process 13112
2023-12-12T17:02:56.292482Z 1 [System] [MY-013576] [InnoDB] InnoDB initialization has started.
2023-12-12T17:02:58.423777Z 1 [System] [MY-013577] [InnoDB] InnoDB initialization has ended.
2023-12-12T17:02:59.356350Z 0 [Warning] [MY-013829] [Server] Missing data directory for ICU regular expressions: D:\laragon\bin\mysql\mysql-8.0.30-winx64\lib\private\.
2023-12-12T17:02:59.390732Z 0 [Warning] [MY-010068] [Server] CA certificate ca.pem is self signed.
2023-12-12T17:02:59.391226Z 0 [System] [MY-013602] [Server] Channel mysql_main configured to support TLS. Encrypted connections are now supported for this channel.
2023-12-12T17:02:59.759531Z 0 [System] [MY-011323] [Server] X Plugin ready for connections. Bind-address: '::' port: 33060
2023-12-12T17:02:59.759804Z 0 [System] [MY-010931] [Server] D:\laragon\bin\mysql\mysql-8.0.30-winx64\bin\mysqld: ready for connections. Version: '8.0.30'  socket: ''  port: 3306  MySQL Community Server - GPL.
2023-12-12T17:13:03.887961Z 31 [System] [MY-013172] [Server] Received SHUTDOWN from user root. Shutting down mysqld (Version: 8.0.30).
2023-12-12T17:13:03.888688Z 0 [System] [MY-013105] [Server] D:\laragon\bin\mysql\mysql-8.0.30-winx64\bin\mysqld: Normal shutdown.
2023-12-12T17:13:04.905823Z 0 [System] [MY-010910] [Server] D:\laragon\bin\mysql\mysql-8.0.30-winx64\bin\mysqld: Shutdown complete (mysqld 8.0.30)  MySQL Community Server - GPL.
2023-12-12T17:13:26.902130Z 0 [Warning] [MY-010097] [Server] Insecure configuration for --secure-file-priv: Current value does not restrict location of generated files. Consider setting it to a valid, non-empty path.
2023-12-12T17:13:26.902219Z 0 [Warning] [MY-010918] [Server] 'default_authentication_plugin' is deprecated and will be removed in a future release. Please use authentication_policy instead.
2023-12-12T17:13:26.902266Z 0 [System] [MY-010116] [Server] D:\laragon\bin\mysql\mysql-8.0.30-winx64\bin\mysqld (mysqld 8.0.30) starting as process 4556
2023-12-12T17:13:26.929421Z 1 [System] [MY-013576] [InnoDB] InnoDB initialization has started.
2023-12-12T17:13:28.753835Z 1 [System] [MY-013577] [InnoDB] InnoDB initialization has ended.
2023-12-12T17:13:29.748689Z 0 [Warning] [MY-013829] [Server] Missing data directory for ICU regular expressions: D:\laragon\bin\mysql\mysql-8.0.30-winx64\lib\private\.
2023-12-12T17:13:29.899651Z 0 [Warning] [MY-010068] [Server] CA certificate ca.pem is self signed.
2023-12-12T17:13:29.900130Z 0 [System] [MY-013602] [Server] Channel mysql_main configured to support TLS. Encrypted connections are now supported for this channel.
2023-12-12T17:13:30.349806Z 0 [System] [MY-011323] [Server] X Plugin ready for connections. Bind-address: '::' port: 33060
2023-12-12T17:13:30.349897Z 0 [System] [MY-010931] [Server] D:\laragon\bin\mysql\mysql-8.0.30-winx64\bin\mysqld: ready for connections. Version: '8.0.30'  socket: ''  port: 3306  MySQL Community Server - GPL.
2023-12-12T19:19:28.990460Z 616 [System] [MY-013172] [Server] Received SHUTDOWN from user root. Shutting down mysqld (Version: 8.0.30).
2023-12-12T19:19:28.991458Z 0 [System] [MY-013105] [Server] D:\laragon\bin\mysql\mysql-8.0.30-winx64\bin\mysqld: Normal shutdown.
2023-12-12T19:19:29.940191Z 0 [ERROR] [MY-012611] [InnoDB] Operating system error number 183 in a file operation.
2023-12-12T19:19:29.940772Z 0 [ERROR] [MY-012646] [InnoDB] File .\#innodb_redo\#ib_redo9: 'rename' returned OS error 283.
2023-12-12T19:19:29.941358Z 0 [ERROR] [MY-013905] [InnoDB] Failed to mark redo log file .\#innodb_redo\#ib_redo9 as unused (by renaming to .\#innodb_redo\#ib_redo9_tmp).
2023-12-12T19:19:30.109088Z 0 [System] [MY-010910] [Server] D:\laragon\bin\mysql\mysql-8.0.30-winx64\bin\mysqld: Shutdown complete (mysqld 8.0.30)  MySQL Community Server - GPL.
2023-12-14T19:49:03.894982Z 0 [Warning] [MY-010097] [Server] Insecure configuration for --secure-file-priv: Current value does not restrict location of generated files. Consider setting it to a valid, non-empty path.
2023-12-14T19:49:03.896777Z 0 [Warning] [MY-010918] [Server] 'default_authentication_plugin' is deprecated and will be removed in a future release. Please use authentication_policy instead.
2023-12-14T19:49:03.896830Z 0 [System] [MY-010116] [Server] D:\laragon\bin\mysql\mysql-8.0.30-winx64\bin\mysqld (mysqld 8.0.30) starting as process 10272
2023-12-14T19:49:04.389254Z 1 [System] [MY-013576] [InnoDB] InnoDB initialization has started.
2023-12-14T19:49:07.618396Z 1 [System] [MY-013577] [InnoDB] InnoDB initialization has ended.
2023-12-14T19:49:08.477640Z 0 [System] [MY-010229] [Server] Starting XA crash recovery...
2023-12-14T19:49:08.486774Z 0 [System] [MY-010232] [Server] XA crash recovery finished.
2023-12-14T19:49:09.276767Z 0 [Warning] [MY-013829] [Server] Missing data directory for ICU regular expressions: D:\laragon\bin\mysql\mysql-8.0.30-winx64\lib\private\.
2023-12-14T19:49:09.417159Z 0 [Warning] [MY-010068] [Server] CA certificate ca.pem is self signed.
2023-12-14T19:49:09.417979Z 0 [System] [MY-013602] [Server] Channel mysql_main configured to support TLS. Encrypted connections are now supported for this channel.
2023-12-14T19:49:09.689214Z 0 [System] [MY-011323] [Server] X Plugin ready for connections. Bind-address: '::' port: 33060
2023-12-14T19:49:09.689341Z 0 [System] [MY-010931] [Server] D:\laragon\bin\mysql\mysql-8.0.30-winx64\bin\mysqld: ready for connections. Version: '8.0.30'  socket: ''  port: 3306  MySQL Community Server - GPL.
2023-12-14T20:02:42.316464Z 208 [Warning] [MY-011078] [Server] Problem while dropping database. Can't remove database directory (Error dropping database (can't rmdir '.\laravel@002deventos', errno: 41 - Directory not empty)). Please remove it manually.
2023-12-14T20:03:12.144734Z 228 [System] [MY-013172] [Server] Received SHUTDOWN from user root. Shutting down mysqld (Version: 8.0.30).
2023-12-14T20:03:12.145488Z 0 [System] [MY-013105] [Server] D:\laragon\bin\mysql\mysql-8.0.30-winx64\bin\mysqld: Normal shutdown.
2023-12-14T20:03:13.866079Z 0 [System] [MY-010910] [Server] D:\laragon\bin\mysql\mysql-8.0.30-winx64\bin\mysqld: Shutdown complete (mysqld 8.0.30)  MySQL Community Server - GPL.
2023-12-14T20:03:19.079145Z 0 [Warning] [MY-010097] [Server] Insecure configuration for --secure-file-priv: Current value does not restrict location of generated files. Consider setting it to a valid, non-empty path.
2023-12-14T20:03:19.079217Z 0 [Warning] [MY-010918] [Server] 'default_authentication_plugin' is deprecated and will be removed in a future release. Please use authentication_policy instead.
2023-12-14T20:03:19.079251Z 0 [System] [MY-010116] [Server] D:\laragon\bin\mysql\mysql-8.0.30-winx64\bin\mysqld (mysqld 8.0.30) starting as process 7264
2023-12-14T20:03:19.110617Z 1 [System] [MY-013576] [InnoDB] InnoDB initialization has started.
2023-12-14T20:03:21.268553Z 1 [System] [MY-013577] [InnoDB] InnoDB initialization has ended.
2023-12-14T20:03:22.081821Z 0 [Warning] [MY-013829] [Server] Missing data directory for ICU regular expressions: D:\laragon\bin\mysql\mysql-8.0.30-winx64\lib\private\.
2023-12-14T20:03:22.125789Z 0 [Warning] [MY-010068] [Server] CA certificate ca.pem is self signed.
2023-12-14T20:03:22.126256Z 0 [System] [MY-013602] [Server] Channel mysql_main configured to support TLS. Encrypted connections are now supported for this channel.
2023-12-14T20:03:22.180431Z 0 [System] [MY-011323] [Server] X Plugin ready for connections. Bind-address: '::' port: 33060
2023-12-14T20:03:22.180521Z 0 [System] [MY-010931] [Server] D:\laragon\bin\mysql\mysql-8.0.30-winx64\bin\mysqld: ready for connections. Version: '8.0.30'  socket: ''  port: 3306  MySQL Community Server - GPL.
